<?xml version="1.0" encoding="UTF-8" standalone="no"?>
<!-- 
 ! Copyright 2018 Jochen Wiedmann
 ! 
 ! Licensed under the Apache License, Version 2.0 (the "License");
 ! you may not use this file except in compliance with the License.
 ! You may obtain a copy of the License at
 ! 
 !   http://www.apache.org/licenses/LICENSE-2.0
 ! 
 ! Unless required by applicable law or agreed to in writing, software
 ! distributed under the License is distributed on an "AS IS" BASIS,
 ! WITHOUT WARRANTIES OR CONDITIONS OF ANY KIND, either express or implied.
 ! See the License for the specific language governing permissions and
 ! limitations under the License.
 -->
<!DOCTYPE properties SYSTEM "http://java.sun.com/dtd/properties.dtd">
<properties>
  <comment>This is easy!</comment>
  <entry key="url.coloradosoftwaresummit">http://www.softwaresummit.com/</entry>
  <entry key="url.rmoug">http://www.rmoug.org/</entry>
  <entry key="url.blog.dustin">http://marxsoftware.blogspot.com/</entry>
  <entry key="url.javaworld">http://www.javaworld.com/</entry>
  <entry key="url.otn">http://www.oracle.com/technology/index.html</entry>
</properties>
